-------------------------------------------------------------------------------
Test set: com.in28minutes.jpa.hibernate.demo.DemoApplicationTests
-------------------------------------------------------------------------------
Tests run: 1, Failures: 0, Errors: 1, Skipped: 0, Time elapsed: 2.217 sec <<< FAILURE! - in com.in28minutes.jpa.hibernate.demo.DemoApplicationTests
contextLoads(com.in28minutes.jpa.hibernate.demo.DemoApplicationTests)  Time elapsed: 0.005 sec  <<< ERROR!
java.lang.IllegalStateException: Failed to load ApplicationContext
Caused by: java.lang.IllegalStateException: Cannot load configuration class: com.in28minutes.jpa.hibernate.demo.DemoApplication
Caused by: java.lang.ExceptionInInitializerError
Caused by: org.springframework.cglib.core.CodeGenerationException: java.lang.reflect.InaccessibleObjectException-->Unable to make protected final java.lang.Class java.lang.ClassLoader.defineClass(java.lang.String,byte[],int,int,java.security.ProtectionDomain) throws java.lang.ClassFormatError accessible: module java.base does not "opens java.lang" to unnamed module @1f554b06
Caused by: java.lang.reflect.InaccessibleObjectException: Unable to make protected final java.lang.Class java.lang.ClassLoader.defineClass(java.lang.String,byte[],int,int,java.security.ProtectionDomain) throws java.lang.ClassFormatError accessible: module java.base does not "opens java.lang" to unnamed module @1f554b06

